Using pre-set license
Built from '2020.3/staging' branch; Version is '2020.3.20f1 (41c4e627c95f) revision 4310246'; Using compiler version '192528614'; Build Type 'Release'
OS: 'Windows 10 Pro; OS build 19042.985; Version 2009; 64bit' Language: 'en' Physical Memory: 64467 MB
BatchMode: 1, IsHumanControllingUs: 0, StartBugReporterOnCrash: 0, Is64bit: 1, IsPro: 0

COMMAND LINE ARGUMENTS:
C:\Program Files\Unity\Hub\Editor\2020.3.20f1\Editor\Unity.exe
-adb2
-batchMode
-noUpm
-name
AssetImportWorker0
-projectPath
D:/Unity Projects/Vuforia proyecto/Slenderman-RA
-logFile
Logs/AssetImportWorker0.log
-srvPort
53624
Successfully changed project path to: D:/Unity Projects/Vuforia proyecto/Slenderman-RA
D:/Unity Projects/Vuforia proyecto/Slenderman-RA
Using Asset Import Pipeline V2.
Refreshing native plugins compatible for Editor in 38.18 ms, found 2 plugins.
Preloading 0 native plugins for Editor in 0.00 ms.
Initialize engine version: 2020.3.20f1 (41c4e627c95f)
[Subsystems] Discovering subsystems at path C:/Program Files/Unity/Hub/Editor/2020.3.20f1/Editor/Data/Resources/UnitySubsystems
[Subsystems] Discovering subsystems at path D:/Unity Projects/Vuforia proyecto/Slenderman-RA/Assets
GfxDevice: creating device client; threaded=0
Direct3D:
    Version:  Direct3D 11.0 [level 11.1]
    Renderer: NVIDIA GeForce GTX 1060 6GB (ID=0x1c03)
    Vendor:   
    VRAM:     6052 MB
    Driver:   27.21.14.5671
Initialize mono
Mono path[0] = 'C:/Program Files/Unity/Hub/Editor/2020.3.20f1/Editor/Data/Managed'
Mono path[1] = 'C:/Program Files/Unity/Hub/Editor/2020.3.20f1/Editor/Data/MonoBleedingEdge/lib/mono/unityjit'
Mono config path = 'C:/Program Files/Unity/Hub/Editor/2020.3.20f1/Editor/Data/MonoBleedingEdge/etc'
Using monoOptions --debugger-agent=transport=dt_socket,embedding=1,server=y,suspend=n,address=127.0.0.1:56032
Begin MonoManager ReloadAssembly
Registering precompiled unity dll's ...
Register platform support module: C:/Program Files/Unity/Hub/Editor/2020.3.20f1/Editor/Data/PlaybackEngines/WindowsStandaloneSupport/UnityEditor.WindowsStandalone.Extensions.dll
Registered in 0.002189 seconds.
Native extension for WindowsStandalone target not found
Refreshing native plugins compatible for Editor in 31.09 ms, found 2 plugins.
Preloading 0 native plugins for Editor in 0.00 ms.
Mono: successfully reloaded assembly
- Completed reload, in  1.913 seconds
Domain Reload Profiling:
	ReloadAssembly (1913ms)
		BeginReloadAssembly (54ms)
			ExecutionOrderSort (0ms)
			DisableScriptedObjects (0ms)
			BackupInstance (0ms)
			ReleaseScriptingObjects (0ms)
			CreateAndSetChildDomain (1ms)
		EndReloadAssembly (417ms)
			LoadAssemblies (51ms)
			RebuildTransferFunctionScriptingTraits (0ms)
			SetupTypeCache (146ms)
			ReleaseScriptCaches (0ms)
			RebuildScriptCaches (30ms)
			SetupLoadedEditorAssemblies (155ms)
				LogAssemblyErrors (0ms)
				InitializePlatformSupportModulesInManaged (4ms)
				SetLoadedEditorAssemblies (0ms)
				RefreshPlugins (31ms)
				BeforeProcessingInitializeOnLoad (16ms)
				ProcessInitializeOnLoadAttributes (74ms)
				ProcessInitializeOnLoadMethodAttributes (30ms)
				AfterProcessingInitializeOnLoad (0ms)
				EditorAssembliesLoaded (0ms)
			ExecutionOrderSort2 (0ms)
			AwakeInstancesAfterBackupRestoration (0ms)
Platform modules already initialized, skipping
Registering precompiled user dll's ...
Registered in 0.003710 seconds.
Begin MonoManager ReloadAssembly
Native extension for WindowsStandalone target not found
Refreshing native plugins compatible for Editor in 0.33 ms, found 2 plugins.
Preloading 0 native plugins for Editor in 0.00 ms.
Mono: successfully reloaded assembly
- Completed reload, in  0.986 seconds
Domain Reload Profiling:
	ReloadAssembly (987ms)
		BeginReloadAssembly (140ms)
			ExecutionOrderSort (0ms)
			DisableScriptedObjects (4ms)
			BackupInstance (0ms)
			ReleaseScriptingObjects (0ms)
			CreateAndSetChildDomain (18ms)
		EndReloadAssembly (784ms)
			LoadAssemblies (89ms)
			RebuildTransferFunctionScriptingTraits (0ms)
			SetupTypeCache (276ms)
			ReleaseScriptCaches (0ms)
			RebuildScriptCaches (40ms)
			SetupLoadedEditorAssemblies (292ms)
				LogAssemblyErrors (0ms)
				InitializePlatformSupportModulesInManaged (5ms)
				SetLoadedEditorAssemblies (0ms)
				RefreshPlugins (0ms)
				BeforeProcessingInitializeOnLoad (74ms)
				ProcessInitializeOnLoadAttributes (202ms)
				ProcessInitializeOnLoadMethodAttributes (4ms)
				AfterProcessingInitializeOnLoad (6ms)
				EditorAssembliesLoaded (0ms)
			ExecutionOrderSort2 (0ms)
			AwakeInstancesAfterBackupRestoration (6ms)
Platform modules already initialized, skipping
========================================================================
Worker process is ready to serve import requests
Launched and connected shader compiler UnityShaderCompiler.exe after 0.07 seconds
Refreshing native plugins compatible for Editor in 0.52 ms, found 2 plugins.
Preloading 0 native plugins for Editor in 0.00 ms.
Unloading 1474 Unused Serialized files (Serialized files now loaded: 0)
System memory in use before: 70.3 MB.
System memory in use after: 70.4 MB.

Unloading 18 unused Assets to reduce memory usage. Loaded Objects now: 1913.
Total: 3.585600 ms (FindLiveObjects: 0.252200 ms CreateObjectMapping: 0.108200 ms MarkObjects: 3.140700 ms  DeleteObjects: 0.082400 ms)

AssetImportParameters requested are different than current active one (requested -> active):
  custom:framework-win-MediaFoundation: 216162199b28c13a410421893ffa2e32 -> 
  custom:video-decoder-ogg-theora: a1e56fd34408186e4bbccfd4996cb3dc -> 
  custom:container-muxer-webm: aa71ff27fc2769a1b78a27578f13a17b -> 
  custom:container-demuxer-webm: 4f35f7cbe854078d1ac9338744f61a02 -> 
  custom:container-demuxer-ogg: 62fdf1f143b41e24485cea50d1cbac27 -> 
  custom:video-encoder-webm-vp8: eb34c28f22e8b96e1ab97ce403110664 -> 
  custom:video-decoder-webm-vp8: 9c59270c3fd7afecdb556c50c9e8de78 -> 
  custom:audio-decoder-ogg-vorbis: bf7c407c2cedff20999df2af8eb42d56 -> 
  custom:audio-encoder-webm-vorbis: bf7c407c2cedff20999df2af8eb42d56 -> 
========================================================================
Received Import Request.
  path: Assets/Capture.PNG
  artifactKey: Guid(0a5e8a33e0ed73b4fa48728642b8e278) Importer(815301076,1909f56bfc062723c751e8b465ee728b)
Start importing Assets/Capture.PNG using Guid(0a5e8a33e0ed73b4fa48728642b8e278) Importer(815301076,1909f56bfc062723c751e8b465ee728b)  -> (artifact id: '6f425281a13656f050b3e041b2b72f03') in 0.131991 seconds 
  Import took 0.134529 seconds .

========================================================================
Received Import Request.
  Time since last request: 0.000223 seconds.
  path: Assets/7.jpg
  artifactKey: Guid(ac010a2f955eea340a5a7159519839a3) Importer(815301076,1909f56bfc062723c751e8b465ee728b)
Start importing Assets/7.jpg using Guid(ac010a2f955eea340a5a7159519839a3) Importer(815301076,1909f56bfc062723c751e8b465ee728b)  -> (artifact id: '9e40a451952578c55bc5ae20cc8cc9bd') in 0.025044 seconds 
  Import took 0.027528 seconds .

========================================================================
Received Import Request.
  Time since last request: 0.000254 seconds.
  path: Assets/Handodle 1.ttf
  artifactKey: Guid(84e34a9684a445047bcd22746062a29b) Importer(815301076,1909f56bfc062723c751e8b465ee728b)
Start importing Assets/Handodle 1.ttf using Guid(84e34a9684a445047bcd22746062a29b) Importer(815301076,1909f56bfc062723c751e8b465ee728b)  -> (artifact id: 'bb9d4049a571b823d2957bce04a7a599') in 0.067083 seconds 
  Import took 0.070993 seconds .

========================================================================
Received Import Request.
  Time since last request: 0.000184 seconds.
  path: Assets/Handodle.ttf
  artifactKey: Guid(10fd7ba21a5c8384da2f40da3914ce33) Importer(815301076,1909f56bfc062723c751e8b465ee728b)
Start importing Assets/Handodle.ttf using Guid(10fd7ba21a5c8384da2f40da3914ce33) Importer(815301076,1909f56bfc062723c751e8b465ee728b)  -> (artifact id: '7c9564e275d46018ca440d055aa79a5a') in 0.015252 seconds 
  Import took 0.017779 seconds .

========================================================================
Received Import Request.
  Time since last request: 0.000183 seconds.
  path: Assets/SC-836-000_grande.png
  artifactKey: Guid(2fac96648dbb16a48bcbe30904456b5c) Importer(815301076,1909f56bfc062723c751e8b465ee728b)
Start importing Assets/SC-836-000_grande.png using Guid(2fac96648dbb16a48bcbe30904456b5c) Importer(815301076,1909f56bfc062723c751e8b465ee728b)  -> (artifact id: 'a6c522af132a7f9650ea99696569c88c') in 0.034866 seconds 
  Import took 0.037501 seconds .

========================================================================
Received Import Request.
  Time since last request: 0.000186 seconds.
  path: Assets/Mesa de trabajo 1.png
  artifactKey: Guid(5af0c8b5be9c6aa4b97d6a2ba4358e4e) Importer(815301076,1909f56bfc062723c751e8b465ee728b)
Start importing Assets/Mesa de trabajo 1.png using Guid(5af0c8b5be9c6aa4b97d6a2ba4358e4e) Importer(815301076,1909f56bfc062723c751e8b465ee728b)  -> (artifact id: 'd7de7a671f822ad8c39a6e46e4413abf') in 0.031892 seconds 
  Import took 0.034495 seconds .

========================================================================
Received Import Request.
  Time since last request: 0.000237 seconds.
  path: Assets/Readme.asset
  artifactKey: Guid(83c2ed844a8c74b779a4c823d16594b1) Importer(815301076,1909f56bfc062723c751e8b465ee728b)
Start importing Assets/Readme.asset using Guid(83c2ed844a8c74b779a4c823d16594b1) Importer(815301076,1909f56bfc062723c751e8b465ee728b)  -> (artifact id: '8ffd2c44ffeb50c574abb5d0c4453328') in 0.013597 seconds 
  Import took 0.016346 seconds .

========================================================================
Received Import Request.
  Time since last request: 4.712387 seconds.
  path: Assets/Models/Pages/1.png
  artifactKey: Guid(f9a812eb769a56c42b3a6e2238f1c792) Importer(815301076,1909f56bfc062723c751e8b465ee728b)
Start importing Assets/Models/Pages/1.png using Guid(f9a812eb769a56c42b3a6e2238f1c792) Importer(815301076,1909f56bfc062723c751e8b465ee728b)  -> (artifact id: '4f6f47f638da617807af4e2d40566c99') in 0.020193 seconds 
  Import took 0.024557 seconds .

========================================================================
Received Import Request.
  Time since last request: 0.000203 seconds.
  path: Assets/TextMesh Pro/Examples & Extras/Textures/Small Crate_normal.jpg
  artifactKey: Guid(8878a782f4334ecbbcf683b3ac780966) Importer(815301076,1909f56bfc062723c751e8b465ee728b)
Start importing Assets/TextMesh Pro/Examples & Extras/Textures/Small Crate_normal.jpg using Guid(8878a782f4334ecbbcf683b3ac780966) Importer(815301076,1909f56bfc062723c751e8b465ee728b)  -> (artifact id: '8cac1d0fc980c1bf8c3748496c337921') in 0.015582 seconds 
  Import took 0.018595 seconds .

========================================================================
Received Import Request.
  Time since last request: 0.000251 seconds.
  path: Assets/Plugins/Demigiant/DOTween/Editor/Imgs/Footer.png
  artifactKey: Guid(7051dba417b3d53409f2918f1ea4938d) Importer(815301076,1909f56bfc062723c751e8b465ee728b)
Start importing Assets/Plugins/Demigiant/DOTween/Editor/Imgs/Footer.png using Guid(7051dba417b3d53409f2918f1ea4938d) Importer(815301076,1909f56bfc062723c751e8b465ee728b)  -> (artifact id: '7d4b42309fa0629e6ea4adb1cc1cfdc2') in 0.009337 seconds 
  Import took 0.011815 seconds .

========================================================================
Received Import Request.
  Time since last request: 0.000220 seconds.
  path: Assets/TextMesh Pro/Examples & Extras/Textures/Brushed Metal 3.jpg
  artifactKey: Guid(f88677df267a41d6be1e7a6133e7d227) Importer(815301076,1909f56bfc062723c751e8b465ee728b)
Start importing Assets/TextMesh Pro/Examples & Extras/Textures/Brushed Metal 3.jpg using Guid(f88677df267a41d6be1e7a6133e7d227) Importer(815301076,1909f56bfc062723c751e8b465ee728b)  -> (artifact id: '553d8518bba29d0624f2961dc37eae64') in 0.011786 seconds 
  Import took 0.014079 seconds .

========================================================================
Received Import Request.
  Time since last request: 0.000187 seconds.
  path: Assets/TextMesh Pro/Examples & Extras/Textures/Small Crate_diffuse.jpg
  artifactKey: Guid(602cb87b6a29443b8636370ea0751574) Importer(815301076,1909f56bfc062723c751e8b465ee728b)
Start importing Assets/TextMesh Pro/Examples & Extras/Textures/Small Crate_diffuse.jpg using Guid(602cb87b6a29443b8636370ea0751574) Importer(815301076,1909f56bfc062723c751e8b465ee728b)  -> (artifact id: '68c8f905a622c3f647da31147e95ca35') in 0.012141 seconds 
  Import took 0.014350 seconds .

========================================================================
Received Import Request.
  Time since last request: 0.000177 seconds.
  path: Assets/TextMesh Pro/Examples & Extras/Fonts/Oswald-Bold.ttf
  artifactKey: Guid(c9f6d0e7bc8541498c9a4799ba184ede) Importer(815301076,1909f56bfc062723c751e8b465ee728b)
Start importing Assets/TextMesh Pro/Examples & Extras/Fonts/Oswald-Bold.ttf using Guid(c9f6d0e7bc8541498c9a4799ba184ede) Importer(815301076,1909f56bfc062723c751e8b465ee728b)  -> (artifact id: '5ef65b3d4383645faac6fb5ef40dd4e8') in 0.012335 seconds 
  Import took 0.014599 seconds .

========================================================================
Received Import Request.
  Time since last request: 0.000170 seconds.
  path: Assets/TextMesh Pro/Examples & Extras/Textures/Wipe Pattern - Circle.psd
  artifactKey: Guid(10c49fcd9c64421db7c0133e61e55f97) Importer(815301076,1909f56bfc062723c751e8b465ee728b)
Start importing Assets/TextMesh Pro/Examples & Extras/Textures/Wipe Pattern - Circle.psd using Guid(10c49fcd9c64421db7c0133e61e55f97) Importer(815301076,1909f56bfc062723c751e8b465ee728b)  -> (artifact id: '55ee9c489e20a469b7d77c8a30746cbd') in 0.011415 seconds 
  Import took 0.013774 seconds .

========================================================================
Received Import Request.
  Time since last request: 0.000198 seconds.
  path: Assets/TextMesh Pro/Examples & Extras/Fonts/Roboto-Bold.ttf
  artifactKey: Guid(4beb055f07aaff244873dec698d0363e) Importer(815301076,1909f56bfc062723c751e8b465ee728b)
Start importing Assets/TextMesh Pro/Examples & Extras/Fonts/Roboto-Bold.ttf using Guid(4beb055f07aaff244873dec698d0363e) Importer(815301076,1909f56bfc062723c751e8b465ee728b)  -> (artifact id: '0694b23f07fb5f56e350026033d4cc5e') in 0.012401 seconds 
  Import took 0.015014 seconds .

========================================================================
Received Import Request.
  Time since last request: 0.000197 seconds.
  path: Assets/TutorialInfo/Icons/UniversalIcon.png
  artifactKey: Guid(7801804018a7dcf42abb827444e18660) Importer(815301076,1909f56bfc062723c751e8b465ee728b)
Start importing Assets/TutorialInfo/Icons/UniversalIcon.png using Guid(7801804018a7dcf42abb827444e18660) Importer(815301076,1909f56bfc062723c751e8b465ee728b)  -> (artifact id: 'c80bd414590386e67892b744e3cb7694') in 0.009672 seconds 
  Import took 0.011988 seconds .

========================================================================
Received Import Request.
  Time since last request: 0.000176 seconds.
  path: Assets/Editor/Vuforia/ImageTargetTextures/vuforia/SlenderSpawn_scaled.jpg
  artifactKey: Guid(4ab7a7ce24ca44908c45c53f6140b76b) Importer(815301076,1909f56bfc062723c751e8b465ee728b)
Start importing Assets/Editor/Vuforia/ImageTargetTextures/vuforia/SlenderSpawn_scaled.jpg using Guid(4ab7a7ce24ca44908c45c53f6140b76b) Importer(815301076,1909f56bfc062723c751e8b465ee728b)  -> (artifact id: 'ef992ee9126c16173cc39e5f314a04dd') in 0.015364 seconds 
  Import took 0.017960 seconds .

========================================================================
Received Import Request.
  Time since last request: 0.000184 seconds.
  path: Assets/TextMesh Pro/Examples & Extras/Textures/Wipe Pattern - Radial Quad.psd
  artifactKey: Guid(2b5e9ae96c5644d8bae932f8b4ca68a2) Importer(815301076,1909f56bfc062723c751e8b465ee728b)
Start importing Assets/TextMesh Pro/Examples & Extras/Textures/Wipe Pattern - Radial Quad.psd using Guid(2b5e9ae96c5644d8bae932f8b4ca68a2) Importer(815301076,1909f56bfc062723c751e8b465ee728b)  -> (artifact id: '2ea77a41267ac91a2ae85c8829e29b56') in 0.008701 seconds 
  Import took 0.010936 seconds .

========================================================================
Received Import Request.
  Time since last request: 0.000174 seconds.
  path: Assets/Models/Pages/2.png
  artifactKey: Guid(28a0e003e6d49cd46ae3def846f9dc7f) Importer(815301076,1909f56bfc062723c751e8b465ee728b)
Start importing Assets/Models/Pages/2.png using Guid(28a0e003e6d49cd46ae3def846f9dc7f) Importer(815301076,1909f56bfc062723c751e8b465ee728b)  -> (artifact id: '250b745a04bf7030ed53c96b60ae26e1') in 0.031600 seconds 
  Import took 0.034489 seconds .

========================================================================
Received Import Request.
  Time since last request: 0.000881 seconds.
  path: Assets/Materials/ff897a8ba024ef61a37e60377863c491.jpg
  artifactKey: Guid(6be7f4866452bad449de2688f37b6037) Importer(815301076,1909f56bfc062723c751e8b465ee728b)
Start importing Assets/Materials/ff897a8ba024ef61a37e60377863c491.jpg using Guid(6be7f4866452bad449de2688f37b6037) Importer(815301076,1909f56bfc062723c751e8b465ee728b)  -> (artifact id: '87515f15f24b8c7058ecf4aa4913a780') in 0.022654 seconds 
  Import took 0.025212 seconds .

========================================================================
Received Import Request.
  Time since last request: 0.000198 seconds.
  path: Assets/TextMesh Pro/Examples & Extras/Resources/Fonts & Materials/Bangers SDF.asset
  artifactKey: Guid(125cb55b44b24c4393181402bc6200e6) Importer(815301076,1909f56bfc062723c751e8b465ee728b)
Start importing Assets/TextMesh Pro/Examples & Extras/Resources/Fonts & Materials/Bangers SDF.asset using Guid(125cb55b44b24c4393181402bc6200e6) Importer(815301076,1909f56bfc062723c751e8b465ee728b)  -> (artifact id: '5c60bfcaab30287ab2a2cde590968cde') in 0.060288 seconds 
  Import took 0.062548 seconds .

========================================================================
Received Import Request.
  Time since last request: 0.000660 seconds.
  path: Assets/Plugins/Demigiant/DOTween/Editor/Imgs/DOTweenIcon.png
  artifactKey: Guid(8da095e39e9b4df488dfd436f81116d6) Importer(815301076,1909f56bfc062723c751e8b465ee728b)
Start importing Assets/Plugins/Demigiant/DOTween/Editor/Imgs/DOTweenIcon.png using Guid(8da095e39e9b4df488dfd436f81116d6) Importer(815301076,1909f56bfc062723c751e8b465ee728b)  -> (artifact id: '5a6d06a09e6e32acbd3b92131c06684d') in 0.010998 seconds 
  Import took 0.015268 seconds .

========================================================================
Received Import Request.
  Time since last request: 0.000192 seconds.
  path: Assets/TextMesh Pro/Resources/Fonts & Materials/LiberationSans SDF - Fallback.asset
  artifactKey: Guid(2e498d1c8094910479dc3e1b768306a4) Importer(815301076,1909f56bfc062723c751e8b465ee728b)
Start importing Assets/TextMesh Pro/Resources/Fonts & Materials/LiberationSans SDF - Fallback.asset using Guid(2e498d1c8094910479dc3e1b768306a4) Importer(815301076,1909f56bfc062723c751e8b465ee728b)  -> (artifact id: '1e70ffb610cb3992b06ae3eed097087a') in 0.030658 seconds 
  Import took 0.033403 seconds .

========================================================================
Received Import Request.
  Time since last request: 0.000200 seconds.
  path: Assets/Models/Tex_0666_0.PNG
  artifactKey: Guid(e9b964acf45f4444faeb12dd4b8581d3) Importer(815301076,1909f56bfc062723c751e8b465ee728b)
Start importing Assets/Models/Tex_0666_0.PNG using Guid(e9b964acf45f4444faeb12dd4b8581d3) Importer(815301076,1909f56bfc062723c751e8b465ee728b)  -> (artifact id: '8bf62378ba92195b7de5f825825319b2') in 0.012755 seconds 
  Import took 0.015392 seconds .

========================================================================
Received Import Request.
  Time since last request: 0.000188 seconds.
  path: Assets/Models/Pages/3.png
  artifactKey: Guid(b84c0f5b3b883564f93ae66ed3e67ecf) Importer(815301076,1909f56bfc062723c751e8b465ee728b)
Start importing Assets/Models/Pages/3.png using Guid(b84c0f5b3b883564f93ae66ed3e67ecf) Importer(815301076,1909f56bfc062723c751e8b465ee728b)  -> (artifact id: '039f0832478eaab3d883bdcdfc8912bd') in 0.013947 seconds 
  Import took 0.016614 seconds .

========================================================================
Received Import Request.
  Time since last request: 0.000167 seconds.
  path: Assets/Models/Pages/8.png
  artifactKey: Guid(2725f60fea096be4f9afb142e4508dca) Importer(815301076,1909f56bfc062723c751e8b465ee728b)
Start importing Assets/Models/Pages/8.png using Guid(2725f60fea096be4f9afb142e4508dca) Importer(815301076,1909f56bfc062723c751e8b465ee728b)  -> (artifact id: '6e0e234b24b9431371c454303c71e322') in 0.014092 seconds 
  Import took 0.017470 seconds .

========================================================================
Received Import Request.
  Time since last request: 0.000194 seconds.
  path: Assets/TextMesh Pro/Examples & Extras/Resources/Fonts & Materials/Roboto-Bold SDF.asset
  artifactKey: Guid(5302535af1044152a457ed104f1f4b91) Importer(815301076,1909f56bfc062723c751e8b465ee728b)
Start importing Assets/TextMesh Pro/Examples & Extras/Resources/Fonts & Materials/Roboto-Bold SDF.asset using Guid(5302535af1044152a457ed104f1f4b91) Importer(815301076,1909f56bfc062723c751e8b465ee728b)  -> (artifact id: '638d991ee2a1c97d52d7eb9fd84023b7') in 0.032449 seconds 
  Import took 0.034904 seconds .

========================================================================
Received Import Request.
  Time since last request: 0.000163 seconds.
  path: Assets/TextMesh Pro/Resources/Fonts & Materials/LiberationSans SDF.asset
  artifactKey: Guid(8f586378b4e144a9851e7b34d9b748ee) Importer(815301076,1909f56bfc062723c751e8b465ee728b)
Start importing Assets/TextMesh Pro/Resources/Fonts & Materials/LiberationSans SDF.asset using Guid(8f586378b4e144a9851e7b34d9b748ee) Importer(815301076,1909f56bfc062723c751e8b465ee728b)  -> (artifact id: '1086c45db6b08dcccce6d79d94e9dad1') in 0.042401 seconds 
  Import took 0.045773 seconds .

========================================================================
Received Import Request.
  Time since last request: 0.000602 seconds.
  path: Assets/TextMesh Pro/Examples & Extras/Textures/Floor Tiles 1 - diffuse.jpg
  artifactKey: Guid(85ac55597b97403c82fc6601a93cf241) Importer(815301076,1909f56bfc062723c751e8b465ee728b)
Start importing Assets/TextMesh Pro/Examples & Extras/Textures/Floor Tiles 1 - diffuse.jpg using Guid(85ac55597b97403c82fc6601a93cf241) Importer(815301076,1909f56bfc062723c751e8b465ee728b)  -> (artifact id: 'c0382cbe5ec18a34ab0ad7b931e077da') in 0.032174 seconds 
  Import took 0.035588 seconds .

========================================================================
Received Import Request.
  Time since last request: 0.000194 seconds.
  path: Assets/TutorialInfo/Icons/Help_Icon.png
  artifactKey: Guid(34f556d724b1bbf4097ca6220db2c581) Importer(815301076,1909f56bfc062723c751e8b465ee728b)
Start importing Assets/TutorialInfo/Icons/Help_Icon.png using Guid(34f556d724b1bbf4097ca6220db2c581) Importer(815301076,1909f56bfc062723c751e8b465ee728b)  -> (artifact id: 'ba14bea76ca4ae4693694d2166b4b780') in 0.011262 seconds 
  Import took 0.014108 seconds .

========================================================================
Received Import Request.
  Time since last request: 0.000170 seconds.
  path: Assets/TextMesh Pro/Examples & Extras/Fonts/Anton.ttf
  artifactKey: Guid(997a43b767814dd0a7642ec9b78cba41) Importer(815301076,1909f56bfc062723c751e8b465ee728b)
Start importing Assets/TextMesh Pro/Examples & Extras/Fonts/Anton.ttf using Guid(997a43b767814dd0a7642ec9b78cba41) Importer(815301076,1909f56bfc062723c751e8b465ee728b)  -> (artifact id: '3b28c4c328c1181a6608310f609f08a9') in 0.013645 seconds 
  Import took 0.016163 seconds .

========================================================================
Received Import Request.
  Time since last request: 0.000210 seconds.
  path: Assets/Plugins/Demigiant/DOTween/Editor/Imgs/Header.jpg
  artifactKey: Guid(78a59ca99f8987941adb61f9e14a06a7) Importer(815301076,1909f56bfc062723c751e8b465ee728b)
Start importing Assets/Plugins/Demigiant/DOTween/Editor/Imgs/Header.jpg using Guid(78a59ca99f8987941adb61f9e14a06a7) Importer(815301076,1909f56bfc062723c751e8b465ee728b)  -> (artifact id: '9439511b44798e2aa9336e34e60008e6') in 0.014710 seconds 
  Import took 0.017677 seconds .

========================================================================
Received Import Request.
  Time since last request: 0.000194 seconds.
  path: Assets/TextMesh Pro/Examples & Extras/Textures/Mask Zig-n-Zag.psd
  artifactKey: Guid(bb8dfcd263ad4eb383a33d74a720be6f) Importer(815301076,1909f56bfc062723c751e8b465ee728b)
Start importing Assets/TextMesh Pro/Examples & Extras/Textures/Mask Zig-n-Zag.psd using Guid(bb8dfcd263ad4eb383a33d74a720be6f) Importer(815301076,1909f56bfc062723c751e8b465ee728b)  -> (artifact id: '600ba6f9169ef49680db51c3fffe0cfb') in 0.013138 seconds 
  Import took 0.015644 seconds .

========================================================================
Received Import Request.
  Time since last request: 0.000264 seconds.
  path: Assets/Editor/Vuforia/ImageTargetTextures/vuforia/ObjectSpawn_scaled.jpg
  artifactKey: Guid(136ebbb5ab7d436bbf3833848cd96435) Importer(815301076,1909f56bfc062723c751e8b465ee728b)
Start importing Assets/Editor/Vuforia/ImageTargetTextures/vuforia/ObjectSpawn_scaled.jpg using Guid(136ebbb5ab7d436bbf3833848cd96435) Importer(815301076,1909f56bfc062723c751e8b465ee728b)  -> (artifact id: '01c59de6b55870ece8daa7e15cd4dc78') in 0.010190 seconds 
  Import took 0.012576 seconds .

========================================================================
Received Import Request.
  Time since last request: 0.000197 seconds.
  path: Assets/TextMesh Pro/Examples & Extras/Resources/Fonts & Materials/Anton SDF.asset
  artifactKey: Guid(8a89fa14b10d46a99122fd4f73fca9a2) Importer(815301076,1909f56bfc062723c751e8b465ee728b)
Start importing Assets/TextMesh Pro/Examples & Extras/Resources/Fonts & Materials/Anton SDF.asset using Guid(8a89fa14b10d46a99122fd4f73fca9a2) Importer(815301076,1909f56bfc062723c751e8b465ee728b)  -> (artifact id: 'd72efe51b5d18c0494a7ea8de0d1cd2d') in 0.029542 seconds 
  Import took 0.032068 seconds .

========================================================================
Received Import Request.
  Time since last request: 0.000279 seconds.
  path: Assets/TextMesh Pro/Examples & Extras/Resources/Fonts & Materials/Electronic Highway Sign SDF.asset
  artifactKey: Guid(dc36b3fdc14f47ebb36fd484a67e268a) Importer(815301076,1909f56bfc062723c751e8b465ee728b)
Start importing Assets/TextMesh Pro/Examples & Extras/Resources/Fonts & Materials/Electronic Highway Sign SDF.asset using Guid(dc36b3fdc14f47ebb36fd484a67e268a) Importer(815301076,1909f56bfc062723c751e8b465ee728b)  -> (artifact id: 'ab9f49e441db4b8713512201ecaa569c') in 0.033434 seconds 
  Import took 0.036026 seconds .

========================================================================
Received Import Request.
  Time since last request: 0.000217 seconds.
  path: Assets/TextMesh Pro/Examples & Extras/Sprites/Default Sprites.png
  artifactKey: Guid(a0fc465d6cf04254a2938578735e2383) Importer(815301076,1909f56bfc062723c751e8b465ee728b)
Start importing Assets/TextMesh Pro/Examples & Extras/Sprites/Default Sprites.png using Guid(a0fc465d6cf04254a2938578735e2383) Importer(815301076,1909f56bfc062723c751e8b465ee728b)  -> (artifact id: 'acb1a2a932fcf69981152fc34e7e54c0') in 0.014661 seconds 
  Import took 0.017102 seconds .

========================================================================
Received Import Request.
  Time since last request: 0.000177 seconds.
  path: Assets/Models/Pages/4.png
  artifactKey: Guid(d83f1cfbc38fb1843bc1508dc2583e8b) Importer(815301076,1909f56bfc062723c751e8b465ee728b)
Start importing Assets/Models/Pages/4.png using Guid(d83f1cfbc38fb1843bc1508dc2583e8b) Importer(815301076,1909f56bfc062723c751e8b465ee728b)  -> (artifact id: 'c5e4d990df7635ec2744f57555652ff3') in 0.016148 seconds 
  Import took 0.020332 seconds .

========================================================================
Received Import Request.
  Time since last request: 0.000053 seconds.
  path: Assets/Models/Pages/7.png
  artifactKey: Guid(fcbc512007e90fb4a8d0b45646ed44c5) Importer(815301076,1909f56bfc062723c751e8b465ee728b)
Start importing Assets/Models/Pages/7.png using Guid(fcbc512007e90fb4a8d0b45646ed44c5) Importer(815301076,1909f56bfc062723c751e8b465ee728b)  -> (artifact id: '0248302b19df7287a3cc542bc22693e6') in 0.015769 seconds 
  Import took 0.019059 seconds .

========================================================================
Received Import Request.
  Time since last request: 0.000181 seconds.
  path: Assets/Models/Pages/6.png
  artifactKey: Guid(52dd0920397e95e4db4e8a8a054ca80b) Importer(815301076,1909f56bfc062723c751e8b465ee728b)
Start importing Assets/Models/Pages/6.png using Guid(52dd0920397e95e4db4e8a8a054ca80b) Importer(815301076,1909f56bfc062723c751e8b465ee728b)  -> (artifact id: 'ceec5e09d7beede1144a66914cbbf291') in 0.016656 seconds 
  Import took 0.019307 seconds .

========================================================================
Received Import Request.
  Time since last request: 0.000175 seconds.
  path: Assets/TextMesh Pro/Examples & Extras/Textures/Gradient Vertical (Color).jpg
  artifactKey: Guid(03d0538de6e24c0f819bfc9ce084dfa9) Importer(815301076,1909f56bfc062723c751e8b465ee728b)
Start importing Assets/TextMesh Pro/Examples & Extras/Textures/Gradient Vertical (Color).jpg using Guid(03d0538de6e24c0f819bfc9ce084dfa9) Importer(815301076,1909f56bfc062723c751e8b465ee728b)  -> (artifact id: 'ae139a1a360a534d8ac3f8a8b6c452bc') in 0.010064 seconds 
  Import took 0.012319 seconds .

========================================================================
Received Import Request.
  Time since last request: 0.000244 seconds.
  path: Assets/TextMesh Pro/Examples & Extras/Textures/Gradient Horizontal (Color).jpg
  artifactKey: Guid(6eb184de103d4b3f812b38561065192f) Importer(815301076,1909f56bfc062723c751e8b465ee728b)
Start importing Assets/TextMesh Pro/Examples & Extras/Textures/Gradient Horizontal (Color).jpg using Guid(6eb184de103d4b3f812b38561065192f) Importer(815301076,1909f56bfc062723c751e8b465ee728b)  -> (artifact id: '06fa7766c49617303ab0ae65b8e93724') in 0.009069 seconds 
  Import took 0.011317 seconds .

========================================================================
Received Import Request.
  Time since last request: 0.000169 seconds.
  path: Assets/TextMesh Pro/Examples & Extras/Textures/Gradient Diagonal (Color).jpg
  artifactKey: Guid(2ce5c55e85304b819a1826ecbc839aa5) Importer(815301076,1909f56bfc062723c751e8b465ee728b)
Start importing Assets/TextMesh Pro/Examples & Extras/Textures/Gradient Diagonal (Color).jpg using Guid(2ce5c55e85304b819a1826ecbc839aa5) Importer(815301076,1909f56bfc062723c751e8b465ee728b)  -> (artifact id: 'f9a64d16591d62bef8b6a4f3d2179476') in 0.011642 seconds 
  Import took 0.014757 seconds .

========================================================================
Received Import Request.
  Time since last request: 0.000177 seconds.
  path: Assets/TextMesh Pro/Examples & Extras/Textures/Text Overflow - Linked Text Image 1.png
  artifactKey: Guid(4ccf43d26c4748c792174516f4a8fcef) Importer(815301076,1909f56bfc062723c751e8b465ee728b)
Start importing Assets/TextMesh Pro/Examples & Extras/Textures/Text Overflow - Linked Text Image 1.png using Guid(4ccf43d26c4748c792174516f4a8fcef) Importer(815301076,1909f56bfc062723c751e8b465ee728b)  -> (artifact id: 'cb607e97d528378a1a8ce6592f985405') in 0.018999 seconds 
  Import took 0.021558 seconds .

========================================================================
Received Import Request.
  Time since last request: 0.000185 seconds.
  path: Assets/TextMesh Pro/Examples & Extras/Textures/Sunny Days - Seamless.jpg
  artifactKey: Guid(17c350171f7a3ca479f830547c66d187) Importer(815301076,1909f56bfc062723c751e8b465ee728b)
Start importing Assets/TextMesh Pro/Examples & Extras/Textures/Sunny Days - Seamless.jpg using Guid(17c350171f7a3ca479f830547c66d187) Importer(815301076,1909f56bfc062723c751e8b465ee728b)  -> (artifact id: '2d544feba2ccf813499327d9409df1f6') in 0.011546 seconds 
  Import took 0.014221 seconds .

========================================================================
Received Import Request.
  Time since last request: 0.000173 seconds.
  path: Assets/Plugins/Demigiant/DOTween/Editor/Imgs/Footer_dark.png
  artifactKey: Guid(519694efe2bb2914788b151fbd8c01f4) Importer(815301076,1909f56bfc062723c751e8b465ee728b)
Start importing Assets/Plugins/Demigiant/DOTween/Editor/Imgs/Footer_dark.png using Guid(519694efe2bb2914788b151fbd8c01f4) Importer(815301076,1909f56bfc062723c751e8b465ee728b)  -> (artifact id: 'e43e7f2bc1ce09103ff33973559c52ba') in 0.008753 seconds 
  Import took 0.011260 seconds .

========================================================================
Received Import Request.
  Time since last request: 0.000197 seconds.
  path: Assets/TextMesh Pro/Examples & Extras/Sprites/DropCap Numbers.psd
  artifactKey: Guid(fd09957580ac4326916010f1f260975b) Importer(815301076,1909f56bfc062723c751e8b465ee728b)
Start importing Assets/TextMesh Pro/Examples & Extras/Sprites/DropCap Numbers.psd using Guid(fd09957580ac4326916010f1f260975b) Importer(815301076,1909f56bfc062723c751e8b465ee728b)  -> (artifact id: 'a056e170beea4a039ca4636aa59067a8') in 0.012760 seconds 
  Import took 0.015283 seconds .

========================================================================
Received Import Request.
  Time since last request: 0.000210 seconds.
  path: Assets/TextMesh Pro/Examples & Extras/Textures/Wipe Pattern - Diagonal.psd
  artifactKey: Guid(ed5290d8df18488780e2996b9b882f01) Importer(815301076,1909f56bfc062723c751e8b465ee728b)
Start importing Assets/TextMesh Pro/Examples & Extras/Textures/Wipe Pattern - Diagonal.psd using Guid(ed5290d8df18488780e2996b9b882f01) Importer(815301076,1909f56bfc062723c751e8b465ee728b)  -> (artifact id: '0805e90dad793ccda1ea85127737c8bd') in 0.011320 seconds 
  Import took 0.013823 seconds .

========================================================================
Received Import Request.
  Time since last request: 0.000150 seconds.
  path: Assets/Models/Pages/5.png
  artifactKey: Guid(765149177d0000a40b33c48dc2ffbc67) Importer(815301076,1909f56bfc062723c751e8b465ee728b)
Start importing Assets/Models/Pages/5.png using Guid(765149177d0000a40b33c48dc2ffbc67) Importer(815301076,1909f56bfc062723c751e8b465ee728b)  -> (artifact id: '2c96158ade490be8773d1c4003a2f1aa') in 0.057689 seconds 
  Import took 0.061167 seconds .

========================================================================
Received Import Request.
  Time since last request: 0.000283 seconds.
  path: Assets/Plugins/Demigiant/DOTween/Editor/Imgs/DOTweenMiniIcon.png
  artifactKey: Guid(61521df2e071645488ba3d05e49289ae) Importer(815301076,1909f56bfc062723c751e8b465ee728b)
Start importing Assets/Plugins/Demigiant/DOTween/Editor/Imgs/DOTweenMiniIcon.png using Guid(61521df2e071645488ba3d05e49289ae) Importer(815301076,1909f56bfc062723c751e8b465ee728b)  -> (artifact id: '2f6ffdc7b8282732fe92ce13748f2d1e') in 0.030572 seconds 
  Import took 0.034580 seconds .

========================================================================
Received Import Request.
  Time since last request: 0.000208 seconds.
  path: Assets/TextMesh Pro/Sprites/EmojiOne.png
  artifactKey: Guid(dffef66376be4fa480fb02b19edbe903) Importer(815301076,1909f56bfc062723c751e8b465ee728b)
Start importing Assets/TextMesh Pro/Sprites/EmojiOne.png using Guid(dffef66376be4fa480fb02b19edbe903) Importer(815301076,1909f56bfc062723c751e8b465ee728b)  -> (artifact id: '2be2dc26562b7655f5ad2de4d72ce6e1') in 0.032785 seconds 
  Import took 0.035718 seconds .

========================================================================
Received Import Request.
  Time since last request: 0.000190 seconds.
  path: Assets/TextMesh Pro/Examples & Extras/Fonts/Electronic Highway Sign.TTF
  artifactKey: Guid(8a2b9e2a607dd2143b58c44bc32410b4) Importer(815301076,1909f56bfc062723c751e8b465ee728b)
Start importing Assets/TextMesh Pro/Examples & Extras/Fonts/Electronic Highway Sign.TTF using Guid(8a2b9e2a607dd2143b58c44bc32410b4) Importer(815301076,1909f56bfc062723c751e8b465ee728b)  -> (artifact id: '5a6f19cbe44cb815d676e974c4fe38d4') in 0.015853 seconds 
  Import took 0.018540 seconds .

========================================================================
Received Import Request.
  Time since last request: 0.000176 seconds.
  path: Assets/TextMesh Pro/Fonts/LiberationSans.ttf
  artifactKey: Guid(e3265ab4bf004d28a9537516768c1c75) Importer(815301076,1909f56bfc062723c751e8b465ee728b)
Start importing Assets/TextMesh Pro/Fonts/LiberationSans.ttf using Guid(e3265ab4bf004d28a9537516768c1c75) Importer(815301076,1909f56bfc062723c751e8b465ee728b)  -> (artifact id: '5fef5e4e8d322e02fa5d1055e37900d4') in 0.013843 seconds 
  Import took 0.016569 seconds .

========================================================================
Received Import Request.
  Time since last request: 0.000191 seconds.
  path: Assets/TextMesh Pro/Examples & Extras/Textures/Fruit Jelly (B&W).jpg
  artifactKey: Guid(1cdc5b506b1a4a33a53c30669ced1f51) Importer(815301076,1909f56bfc062723c751e8b465ee728b)
Start importing Assets/TextMesh Pro/Examples & Extras/Textures/Fruit Jelly (B&W).jpg using Guid(1cdc5b506b1a4a33a53c30669ced1f51) Importer(815301076,1909f56bfc062723c751e8b465ee728b)  -> (artifact id: '4f961b843afc69645e441189c4d3267e') in 0.023568 seconds 
  Import took 0.026493 seconds .

========================================================================
Received Import Request.
  Time since last request: 0.000187 seconds.
  path: Assets/TextMesh Pro/Examples & Extras/Fonts/Bangers.ttf
  artifactKey: Guid(5dd49b3eacc540408c98eee0de38e0f1) Importer(815301076,1909f56bfc062723c751e8b465ee728b)
Start importing Assets/TextMesh Pro/Examples & Extras/Fonts/Bangers.ttf using Guid(5dd49b3eacc540408c98eee0de38e0f1) Importer(815301076,1909f56bfc062723c751e8b465ee728b)  -> (artifact id: '23bbfbf30e7b5eb67bd45a8405644965') in 0.013794 seconds 
  Import took 0.016382 seconds .

========================================================================
Received Import Request.
  Time since last request: 0.000063 seconds.
  path: Assets/TextMesh Pro/Examples & Extras/Textures/Text Overflow - Linked Text UI Screenshot.png
  artifactKey: Guid(c76d18757a194d618355f05f815cb0a1) Importer(815301076,1909f56bfc062723c751e8b465ee728b)
Start importing Assets/TextMesh Pro/Examples & Extras/Textures/Text Overflow - Linked Text UI Screenshot.png using Guid(c76d18757a194d618355f05f815cb0a1) Importer(815301076,1909f56bfc062723c751e8b465ee728b)  -> (artifact id: 'b7ab3e83655db8131c1dc4572be65fbd') in 0.019766 seconds 
  Import took 0.023181 seconds .

========================================================================
Received Import Request.
  Time since last request: 0.000097 seconds.
  path: Assets/TextMesh Pro/Examples & Extras/Resources/Fonts & Materials/Oswald Bold SDF.asset
  artifactKey: Guid(0161d805a3764c089bef00bfe00793f5) Importer(815301076,1909f56bfc062723c751e8b465ee728b)
Start importing Assets/TextMesh Pro/Examples & Extras/Resources/Fonts & Materials/Oswald Bold SDF.asset using Guid(0161d805a3764c089bef00bfe00793f5) Importer(815301076,1909f56bfc062723c751e8b465ee728b)  -> (artifact id: '5ce3083f41050eea4e0d3127eeaaf0cc') in 0.033921 seconds 
  Import took 0.036774 seconds .

========================================================================
Received Import Request.
  Time since last request: 0.000170 seconds.
  path: Assets/Models/ToonTeddy.jpg
  artifactKey: Guid(a03106aec58d73c4b8958a80194ef56b) Importer(815301076,1909f56bfc062723c751e8b465ee728b)
Start importing Assets/Models/ToonTeddy.jpg using Guid(a03106aec58d73c4b8958a80194ef56b) Importer(815301076,1909f56bfc062723c751e8b465ee728b)  -> (artifact id: 'eadcb330b9d97076cfd012f8ddc7816a') in 0.024114 seconds 
  Import took 0.026343 seconds .

========================================================================
Received Import Request.
  Time since last request: 0.000176 seconds.
  path: Assets/TextMesh Pro/Examples & Extras/Textures/Floor Cement.jpg
  artifactKey: Guid(283f897e4925411ebbaa758b4cb13fc2) Importer(815301076,1909f56bfc062723c751e8b465ee728b)
Start importing Assets/TextMesh Pro/Examples & Extras/Textures/Floor Cement.jpg using Guid(283f897e4925411ebbaa758b4cb13fc2) Importer(815301076,1909f56bfc062723c751e8b465ee728b)  -> (artifact id: 'df8585c3196b83e94df3571884143f7d') in 0.013117 seconds 
  Import took 0.015855 seconds .

========================================================================
Received Import Request.
  Time since last request: 0.000177 seconds.
  path: Assets/TextMesh Pro/Examples & Extras/Textures/Wipe Pattern - Radial Double.psd
  artifactKey: Guid(7631f4eff8f74ed38eb3eb9db17134e1) Importer(815301076,1909f56bfc062723c751e8b465ee728b)
Start importing Assets/TextMesh Pro/Examples & Extras/Textures/Wipe Pattern - Radial Double.psd using Guid(7631f4eff8f74ed38eb3eb9db17134e1) Importer(815301076,1909f56bfc062723c751e8b465ee728b)  -> (artifact id: '79ca38b43e8b3a4537b9a0e4dd3071b7') in 0.011774 seconds 
  Import took 0.015037 seconds .

========================================================================
Received Import Request.
  Time since last request: 2034.210540 seconds.
  path: Assets/Prefabs/1.prefab
  artifactKey: Guid(88501cc39abeda148b9485705bfff318) Importer(815301076,1909f56bfc062723c751e8b465ee728b)
Start importing Assets/Prefabs/1.prefab using Guid(88501cc39abeda148b9485705bfff318) Importer(815301076,1909f56bfc062723c751e8b465ee728b)  -> (artifact id: '6b2fdedaf41a6dedb9ce7ea6b2954926') in 0.052587 seconds 
  Import took 0.056990 seconds .

========================================================================
Received Import Request.
  Time since last request: 0.000273 seconds.
  path: Assets/Prefabs/8.prefab
  artifactKey: Guid(0209198acd5763a4a89f99eecf7f60af) Importer(815301076,1909f56bfc062723c751e8b465ee728b)
Start importing Assets/Prefabs/8.prefab using Guid(0209198acd5763a4a89f99eecf7f60af) Importer(815301076,1909f56bfc062723c751e8b465ee728b)  -> (artifact id: 'b754754663142cccd515b486adad5968') in 0.014205 seconds 
  Import took 0.017109 seconds .

========================================================================
Received Import Request.
  Time since last request: 0.000250 seconds.
  path: Assets/Prefabs/3.prefab
  artifactKey: Guid(4fd26c7f318577c49a0d46618e51f56b) Importer(815301076,1909f56bfc062723c751e8b465ee728b)
Start importing Assets/Prefabs/3.prefab using Guid(4fd26c7f318577c49a0d46618e51f56b) Importer(815301076,1909f56bfc062723c751e8b465ee728b)  -> (artifact id: 'a21e0c5187417b1ecb95ae340f973eb1') in 0.024911 seconds 
  Import took 0.030030 seconds .

========================================================================
Received Import Request.
  Time since last request: 0.000212 seconds.
  path: Assets/Prefabs/7.prefab
  artifactKey: Guid(d5d6aa49149258a4199b410a81a5e701) Importer(815301076,1909f56bfc062723c751e8b465ee728b)
Start importing Assets/Prefabs/7.prefab using Guid(d5d6aa49149258a4199b410a81a5e701) Importer(815301076,1909f56bfc062723c751e8b465ee728b)  -> (artifact id: 'c3ed756c83b3d452bec0bccdf9778f28') in 0.014145 seconds 
  Import took 0.017737 seconds .

========================================================================
Received Import Request.
  Time since last request: 0.000211 seconds.
  path: Assets/Prefabs/6.prefab
  artifactKey: Guid(a98371fa9bfcb314c86f965bebe52a11) Importer(815301076,1909f56bfc062723c751e8b465ee728b)
Start importing Assets/Prefabs/6.prefab using Guid(a98371fa9bfcb314c86f965bebe52a11) Importer(815301076,1909f56bfc062723c751e8b465ee728b)  -> (artifact id: '58f63f36b9aa54656563a0f76f34cc40') in 0.014376 seconds 
  Import took 0.017959 seconds .

========================================================================
Received Import Request.
  Time since last request: 0.000222 seconds.
  path: Assets/Prefabs/bear.prefab
  artifactKey: Guid(ba882cf0c2db7bf42a543518a41fde22) Importer(815301076,1909f56bfc062723c751e8b465ee728b)
Start importing Assets/Prefabs/bear.prefab using Guid(ba882cf0c2db7bf42a543518a41fde22) Importer(815301076,1909f56bfc062723c751e8b465ee728b)  -> (artifact id: 'f088b248b79d9089629f2ccbc20575b2') in 0.016473 seconds 
  Import took 0.018986 seconds .

========================================================================
Received Import Request.
  Time since last request: 0.000204 seconds.
  path: Assets/Prefabs/Battery.prefab
  artifactKey: Guid(55cda81cc321f4048896a73efff9dd3f) Importer(815301076,1909f56bfc062723c751e8b465ee728b)
Start importing Assets/Prefabs/Battery.prefab using Guid(55cda81cc321f4048896a73efff9dd3f) Importer(815301076,1909f56bfc062723c751e8b465ee728b)  -> (artifact id: '9aa1fe2bddf198ecfb7b08bb2952d3d7') in 0.019511 seconds 
  Import took 0.021955 seconds .

========================================================================
Received Import Request.
  Time since last request: 0.000190 seconds.
  path: Assets/Prefabs/4.prefab
  artifactKey: Guid(d7429eea8aa4bef40b3be9057e2dbfa2) Importer(815301076,1909f56bfc062723c751e8b465ee728b)
Start importing Assets/Prefabs/4.prefab using Guid(d7429eea8aa4bef40b3be9057e2dbfa2) Importer(815301076,1909f56bfc062723c751e8b465ee728b)  -> (artifact id: '293aa56764b5c2bad126a480cee24719') in 0.012682 seconds 
  Import took 0.015241 seconds .

========================================================================
Received Import Request.
  Time since last request: 0.000286 seconds.
  path: Assets/Prefabs/2.prefab
  artifactKey: Guid(3eb93f09975feaf4f9ff83f6b0bf068f) Importer(815301076,1909f56bfc062723c751e8b465ee728b)
Start importing Assets/Prefabs/2.prefab using Guid(3eb93f09975feaf4f9ff83f6b0bf068f) Importer(815301076,1909f56bfc062723c751e8b465ee728b)  -> (artifact id: '80b8426edcdd9727b62e78a5e43b788e') in 0.012499 seconds 
  Import took 0.014974 seconds .

========================================================================
Received Import Request.
  Time since last request: 0.000203 seconds.
  path: Assets/Prefabs/5.prefab
  artifactKey: Guid(ae59ba2562a06324d9033d80a48cf17f) Importer(815301076,1909f56bfc062723c751e8b465ee728b)
Start importing Assets/Prefabs/5.prefab using Guid(ae59ba2562a06324d9033d80a48cf17f) Importer(815301076,1909f56bfc062723c751e8b465ee728b)  -> (artifact id: '2bcdcc99488d4c7778373426c9f308e0') in 0.013301 seconds 
  Import took 0.016573 seconds .

========================================================================
Received Import Request.
  Time since last request: 11.407933 seconds.
  path: Assets/Materials/SKin Slender.mat
  artifactKey: Guid(3aedb080ce1666b4084ce1f556e1fe41) Importer(815301076,1909f56bfc062723c751e8b465ee728b)
Start importing Assets/Materials/SKin Slender.mat using Guid(3aedb080ce1666b4084ce1f556e1fe41) Importer(815301076,1909f56bfc062723c751e8b465ee728b)  -> (artifact id: 'e56287dc41964c267f653a572b83634c') in 0.041366 seconds 
  Import took 0.044879 seconds .

========================================================================
Received Import Request.
  Time since last request: 0.000281 seconds.
  path: Assets/Materials/Tie.mat
  artifactKey: Guid(1da877b3609f1da49b274f1ad0473313) Importer(815301076,1909f56bfc062723c751e8b465ee728b)
Start importing Assets/Materials/Tie.mat using Guid(1da877b3609f1da49b274f1ad0473313) Importer(815301076,1909f56bfc062723c751e8b465ee728b)  -> (artifact id: 'b7cb933c0c15f82b74a4fcb4f5d43fd5') in 0.012590 seconds 
  Import took 0.016240 seconds .

========================================================================
Received Import Request.
  Time since last request: 0.000055 seconds.
  path: Assets/Materials/Suit 1.mat
  artifactKey: Guid(123f269ef95ed0546a1a9d2371b5e936) Importer(815301076,1909f56bfc062723c751e8b465ee728b)
Start importing Assets/Materials/Suit 1.mat using Guid(123f269ef95ed0546a1a9d2371b5e936) Importer(815301076,1909f56bfc062723c751e8b465ee728b)  -> (artifact id: 'f57ec065bef9653d2e879d0271c831b8') in 0.014777 seconds 
  Import took 0.018560 seconds .

========================================================================
Received Import Request.
  Time since last request: 0.000168 seconds.
  path: Assets/Materials/Suit.mat
  artifactKey: Guid(522d627169c223a408e4263000097dd1) Importer(815301076,1909f56bfc062723c751e8b465ee728b)
Start importing Assets/Materials/Suit.mat using Guid(522d627169c223a408e4263000097dd1) Importer(815301076,1909f56bfc062723c751e8b465ee728b)  -> (artifact id: '6933526c5c259a3cb4dd46b06cfe747d') in 0.014623 seconds 
  Import took 0.018420 seconds .

========================================================================
Received Import Request.
  Time since last request: 0.000287 seconds.
  path: Assets/Materials/Skybox_Mat.mat
  artifactKey: Guid(0ffaa0b7117ba8c47a9d05ae701d4b4d) Importer(815301076,1909f56bfc062723c751e8b465ee728b)
Start importing Assets/Materials/Skybox_Mat.mat using Guid(0ffaa0b7117ba8c47a9d05ae701d4b4d) Importer(815301076,1909f56bfc062723c751e8b465ee728b)  -> (artifact id: '4d54ab3375f41efad00566dcae11def2') in 0.015772 seconds 
  Import took 0.018396 seconds .

========================================================================
Received Import Request.
  Time since last request: 4.213099 seconds.
  path: Assets/Models/Battery.fbx
  artifactKey: Guid(be99a856beac7a8498608c417e22e5ad) Importer(815301076,1909f56bfc062723c751e8b465ee728b)
Start importing Assets/Models/Battery.fbx using Guid(be99a856beac7a8498608c417e22e5ad) Importer(815301076,1909f56bfc062723c751e8b465ee728b)  -> (artifact id: '44afced0d4658d7e89dd721dd6585b29') in 0.082603 seconds 
  Import took 0.091607 seconds .

========================================================================
Received Import Request.
  Time since last request: 0.000226 seconds.
  path: Assets/Models/xbot@Breathing Idle.fbx
  artifactKey: Guid(362c66ce37114d64290ee0dc8c0e0f54) Importer(815301076,1909f56bfc062723c751e8b465ee728b)
Start importing Assets/Models/xbot@Breathing Idle.fbx using Guid(362c66ce37114d64290ee0dc8c0e0f54) Importer(815301076,1909f56bfc062723c751e8b465ee728b)  -> (artifact id: 'a1ebce25d10ab27e02104a027ae9efe4') in 0.070524 seconds 
  Import took 0.073174 seconds .

========================================================================
Received Import Request.
  Time since last request: 0.000189 seconds.
  path: Assets/Models/Bear.mat
  artifactKey: Guid(37fd5fbccf4a30841a8974032c22041a) Importer(815301076,1909f56bfc062723c751e8b465ee728b)
Start importing Assets/Models/Bear.mat using Guid(37fd5fbccf4a30841a8974032c22041a) Importer(815301076,1909f56bfc062723c751e8b465ee728b)  -> (artifact id: '50f4369f33b44ea62cbc09f44f484782') in 0.013059 seconds 
  Import took 0.019317 seconds .

========================================================================
Received Import Request.
  Time since last request: 0.000304 seconds.
  path: Assets/Models/Slender.mat
  artifactKey: Guid(2ea093c826504f141b37641ec632281f) Importer(815301076,1909f56bfc062723c751e8b465ee728b)
Start importing Assets/Models/Slender.mat using Guid(2ea093c826504f141b37641ec632281f) Importer(815301076,1909f56bfc062723c751e8b465ee728b)  -> (artifact id: '6f100ba18a1699a110ee76009d11c74b') in 0.013879 seconds 
  Import took 0.017100 seconds .

========================================================================
Received Import Request.
  Time since last request: 0.000115 seconds.
  path: Assets/Models/bear.obj
  artifactKey: Guid(7fc2e9a5ad3e9d648910fbf602c46511) Importer(815301076,1909f56bfc062723c751e8b465ee728b)
Start importing Assets/Models/bear.obj using Guid(7fc2e9a5ad3e9d648910fbf602c46511) Importer(815301076,1909f56bfc062723c751e8b465ee728b)  -> (artifact id: '8842c54baa4dc6f7cd7b3e80c54fb694') in 0.028704 seconds 
  Import took 0.031493 seconds .

========================================================================
Received Import Request.
  Time since last request: 0.000186 seconds.
  path: Assets/Models/SlenderMan_Model@Neutral Idle.fbx
  artifactKey: Guid(512a6a551d0512e49818fb868181baa4) Importer(815301076,1909f56bfc062723c751e8b465ee728b)
Start importing Assets/Models/SlenderMan_Model@Neutral Idle.fbx using Guid(512a6a551d0512e49818fb868181baa4) Importer(815301076,1909f56bfc062723c751e8b465ee728b)  -> (artifact id: '5e7f293445c03bb8e89ea1854e26cf02') in 0.115554 seconds 
  Import took 0.122650 seconds .

========================================================================
Received Prepare
Registering precompiled user dll's ...
Registered in 0.003625 seconds.
Begin MonoManager ReloadAssembly
Native extension for WindowsStandalone target not found
Refreshing native plugins compatible for Editor in 0.34 ms, found 2 plugins.
Preloading 0 native plugins for Editor in 0.00 ms.
Mono: successfully reloaded assembly
- Completed reload, in  0.893 seconds
Domain Reload Profiling:
	ReloadAssembly (894ms)
		BeginReloadAssembly (101ms)
			ExecutionOrderSort (0ms)
			DisableScriptedObjects (4ms)
			BackupInstance (0ms)
			ReleaseScriptingObjects (0ms)
			CreateAndSetChildDomain (32ms)
		EndReloadAssembly (733ms)
			LoadAssemblies (82ms)
			RebuildTransferFunctionScriptingTraits (0ms)
			SetupTypeCache (254ms)
			ReleaseScriptCaches (1ms)
			RebuildScriptCaches (34ms)
			SetupLoadedEditorAssemblies (267ms)
				LogAssemblyErrors (0ms)
				InitializePlatformSupportModulesInManaged (5ms)
				SetLoadedEditorAssemblies (0ms)
				RefreshPlugins (0ms)
				BeforeProcessingInitializeOnLoad (68ms)
				ProcessInitializeOnLoadAttributes (183ms)
				ProcessInitializeOnLoadMethodAttributes (4ms)
				AfterProcessingInitializeOnLoad (7ms)
				EditorAssembliesLoaded (0ms)
			ExecutionOrderSort2 (0ms)
			AwakeInstancesAfterBackupRestoration (6ms)
Platform modules already initialized, skipping
Switching build target platform(19) subTarget(0) extendedPlatform(0) -> platform(13) subTarget(524288) extendedPlatform(0)
Refreshing native plugins compatible for Editor in 0.33 ms, found 2 plugins.
Preloading 0 native plugins for Editor in 0.00 ms.
Unloading 1457 Unused Serialized files (Serialized files now loaded: 0)
System memory in use before: 85.9 MB.
System memory in use after: 86.0 MB.

Unloading 13 unused Assets to reduce memory usage. Loaded Objects now: 1985.
Total: 2.847200 ms (FindLiveObjects: 0.135700 ms CreateObjectMapping: 0.039900 ms MarkObjects: 2.633400 ms  DeleteObjects: 0.037300 ms)

AssetImportParameters requested are different than current active one (requested -> active):
  custom:framework-win-MediaFoundation: 216162199b28c13a410421893ffa2e32 -> 
  custom:video-decoder-ogg-theora: a1e56fd34408186e4bbccfd4996cb3dc -> 
  custom:container-muxer-webm: aa71ff27fc2769a1b78a27578f13a17b -> 
  custom:container-demuxer-webm: 4f35f7cbe854078d1ac9338744f61a02 -> 
  custom:container-demuxer-ogg: 62fdf1f143b41e24485cea50d1cbac27 -> 
  custom:video-encoder-webm-vp8: eb34c28f22e8b96e1ab97ce403110664 -> 
  custom:video-decoder-webm-vp8: 9c59270c3fd7afecdb556c50c9e8de78 -> 
  custom:graphics/normal-map-encoding: 01000000000000000000000000000000 -> 02000000000000000000000000000000
  custom:audio-decoder-ogg-vorbis: bf7c407c2cedff20999df2af8eb42d56 -> 
  custom:audio-encoder-webm-vorbis: bf7c407c2cedff20999df2af8eb42d56 -> 
========================================================================
Received Import Request.
  Time since last request: 74.068228 seconds.
  path: Assets/Materials/Tie.mat
  artifactKey: Guid(1da877b3609f1da49b274f1ad0473313) Importer(815301076,1909f56bfc062723c751e8b465ee728b)
Start importing Assets/Materials/Tie.mat using Guid(1da877b3609f1da49b274f1ad0473313) Importer(815301076,1909f56bfc062723c751e8b465ee728b)  -> (artifact id: 'cce0c65f538117905268a0bd06e2248a') in 0.244014 seconds 
  Import took 0.246346 seconds .

========================================================================
Received Import Request.
  Time since last request: 0.000223 seconds.
  path: Assets/Materials/Suit 1.mat
  artifactKey: Guid(123f269ef95ed0546a1a9d2371b5e936) Importer(815301076,1909f56bfc062723c751e8b465ee728b)
Start importing Assets/Materials/Suit 1.mat using Guid(123f269ef95ed0546a1a9d2371b5e936) Importer(815301076,1909f56bfc062723c751e8b465ee728b)  -> (artifact id: '252d4a195784a46317f466df8f929841') in 0.015000 seconds 
  Import took 0.018097 seconds .

========================================================================
Received Import Request.
  Time since last request: 0.000281 seconds.
  path: Assets/Materials/SKin Slender.mat
  artifactKey: Guid(3aedb080ce1666b4084ce1f556e1fe41) Importer(815301076,1909f56bfc062723c751e8b465ee728b)
Start importing Assets/Materials/SKin Slender.mat using Guid(3aedb080ce1666b4084ce1f556e1fe41) Importer(815301076,1909f56bfc062723c751e8b465ee728b)  -> (artifact id: 'f8ee41bef235e908f55fc186652bff85') in 0.014803 seconds 
  Import took 0.017862 seconds .

========================================================================
Received Import Request.
  Time since last request: 0.000299 seconds.
  path: Assets/Materials/Suit.mat
  artifactKey: Guid(522d627169c223a408e4263000097dd1) Importer(815301076,1909f56bfc062723c751e8b465ee728b)
Start importing Assets/Materials/Suit.mat using Guid(522d627169c223a408e4263000097dd1) Importer(815301076,1909f56bfc062723c751e8b465ee728b)  -> (artifact id: 'e37b83ec6a78a854752d16998f978dc5') in 0.011762 seconds 
  Import took 0.014795 seconds .

========================================================================
Received Prepare
Refreshing native plugins compatible for Editor in 3.01 ms, found 2 plugins.
Preloading 0 native plugins for Editor in 0.00 ms.
Unloading 11 Unused Serialized files (Serialized files now loaded: 0)
System memory in use before: 57.7 MB.
System memory in use after: 57.8 MB.

Unloading 11 unused Assets to reduce memory usage. Loaded Objects now: 1986.
Total: 4.928000 ms (FindLiveObjects: 0.170100 ms CreateObjectMapping: 0.045700 ms MarkObjects: 4.677600 ms  DeleteObjects: 0.033200 ms)

AssetImportParameters requested are different than current active one (requested -> active):
  custom:framework-win-MediaFoundation: 216162199b28c13a410421893ffa2e32 -> 
  custom:video-decoder-ogg-theora: a1e56fd34408186e4bbccfd4996cb3dc -> 
  custom:container-muxer-webm: aa71ff27fc2769a1b78a27578f13a17b -> 
  custom:container-demuxer-webm: 4f35f7cbe854078d1ac9338744f61a02 -> 
  custom:container-demuxer-ogg: 62fdf1f143b41e24485cea50d1cbac27 -> 
  custom:video-encoder-webm-vp8: eb34c28f22e8b96e1ab97ce403110664 -> 
  custom:video-decoder-webm-vp8: 9c59270c3fd7afecdb556c50c9e8de78 -> 
  custom:audio-decoder-ogg-vorbis: bf7c407c2cedff20999df2af8eb42d56 -> 
  custom:audio-encoder-webm-vorbis: bf7c407c2cedff20999df2af8eb42d56 -> 
AssetImportWorkerClient::OnTransportError - code=2 error=End of file
